<?xml version="1.0" encoding="UTF-8"?>
<testsuite xmlns:xsi="http://www.w3.org/2001/XMLSchema-instance" xsi:noNamespaceSchemaLocation="https://maven.apache.org/surefire/maven-surefire-plugin/xsd/surefire-test-report.xsd" name="RegressionTest" time="0.187" tests="144" errors="0" skipped="0" failures="0">
  <properties>
    <property name="awt.toolkit" value="sun.awt.X11.XToolkit"/>
    <property name="file.encoding.pkg" value="sun.io"/>
    <property name="java.specification.version" value="1.8"/>
    <property name="sun.cpu.isalist" value=""/>
    <property name="sun.jnu.encoding" value="UTF-8"/>
    <property name="java.class.path" value="/home/adamant/developer/supermercado/target/test-classes:/home/adamant/developer/supermercado/target/classes:/home/adamant/.m2/repository/junit/junit/4.13.1/junit-4.13.1.jar:/home/adamant/.m2/repository/org/hamcrest/hamcrest-core/1.3/hamcrest-core-1.3.jar:/home/adamant/.m2/repository/org/projectlombok/lombok/1.18.34/lombok-1.18.34.jar:/home/adamant/.m2/repository/org/evosuite/evosuite-standalone-runtime/1.0.6/evosuite-standalone-runtime-1.0.6.jar:"/>
    <property name="java.vm.vendor" value="Temurin"/>
    <property name="sun.arch.data.model" value="64"/>
    <property name="java.vendor.url" value="https://adoptium.net/"/>
    <property name="user.timezone" value=""/>
    <property name="java.vm.specification.version" value="1.8"/>
    <property name="os.name" value="Linux"/>
    <property name="sun.java.launcher" value="SUN_STANDARD"/>
    <property name="sun.boot.library.path" value="/home/adamant/.sdkman/candidates/java/8.0.422-tem/jre/lib/amd64"/>
    <property name="sun.java.command" value="/home/adamant/developer/supermercado/target/surefire/surefirebooter794118266941482798.jar /home/adamant/developer/supermercado/target/surefire 2024-10-14T20-49-35_990-jvmRun1 surefire5437716724965002852tmp surefire_01992155850423354968tmp"/>
    <property name="surefire.test.class.path" value="/home/adamant/developer/supermercado/target/test-classes:/home/adamant/developer/supermercado/target/classes:/home/adamant/.m2/repository/junit/junit/4.13.1/junit-4.13.1.jar:/home/adamant/.m2/repository/org/hamcrest/hamcrest-core/1.3/hamcrest-core-1.3.jar:/home/adamant/.m2/repository/org/projectlombok/lombok/1.18.34/lombok-1.18.34.jar:/home/adamant/.m2/repository/org/evosuite/evosuite-standalone-runtime/1.0.6/evosuite-standalone-runtime-1.0.6.jar:"/>
    <property name="sun.cpu.endian" value="little"/>
    <property name="user.home" value="/home/adamant"/>
    <property name="user.language" value="en"/>
    <property name="java.specification.vendor" value="Oracle Corporation"/>
    <property name="java.home" value="/home/adamant/.sdkman/candidates/java/8.0.422-tem/jre"/>
    <property name="basedir" value="/home/adamant/developer/supermercado"/>
    <property name="file.separator" value="/"/>
    <property name="line.separator" value="&#10;"/>
    <property name="java.vm.specification.vendor" value="Oracle Corporation"/>
    <property name="java.specification.name" value="Java Platform API Specification"/>
    <property name="java.awt.graphicsenv" value="sun.awt.X11GraphicsEnvironment"/>
    <property name="surefire.real.class.path" value="/home/adamant/developer/supermercado/target/surefire/surefirebooter794118266941482798.jar"/>
    <property name="sun.boot.class.path" value="/home/adamant/.sdkman/candidates/java/8.0.422-tem/jre/lib/resources.jar:/home/adamant/.sdkman/candidates/java/8.0.422-tem/jre/lib/rt.jar:/home/adamant/.sdkman/candidates/java/8.0.422-tem/jre/lib/sunrsasign.jar:/home/adamant/.sdkman/candidates/java/8.0.422-tem/jre/lib/jsse.jar:/home/adamant/.sdkman/candidates/java/8.0.422-tem/jre/lib/jce.jar:/home/adamant/.sdkman/candidates/java/8.0.422-tem/jre/lib/charsets.jar:/home/adamant/.sdkman/candidates/java/8.0.422-tem/jre/lib/jfr.jar:/home/adamant/.sdkman/candidates/java/8.0.422-tem/jre/classes"/>
    <property name="sun.management.compiler" value="HotSpot 64-Bit Tiered Compilers"/>
    <property name="java.runtime.version" value="1.8.0_422-b05"/>
    <property name="user.name" value="adamant"/>
    <property name="path.separator" value=":"/>
    <property name="os.version" value="5.15.153.1-microsoft-standard-WSL2"/>
    <property name="java.endorsed.dirs" value="/home/adamant/.sdkman/candidates/java/8.0.422-tem/jre/lib/endorsed"/>
    <property name="java.runtime.name" value="OpenJDK Runtime Environment"/>
    <property name="file.encoding" value="UTF-8"/>
    <property name="java.vm.name" value="OpenJDK 64-Bit Server VM"/>
    <property name="localRepository" value="/home/adamant/.m2/repository"/>
    <property name="java.vendor.url.bug" value="https://github.com/adoptium/adoptium-support/issues"/>
    <property name="java.io.tmpdir" value="/tmp"/>
    <property name="java.version" value="1.8.0_422"/>
    <property name="user.dir" value="/home/adamant/developer/supermercado"/>
    <property name="os.arch" value="amd64"/>
    <property name="java.vm.specification.name" value="Java Virtual Machine Specification"/>
    <property name="java.awt.printerjob" value="sun.print.PSPrinterJob"/>
    <property name="sun.os.patch.level" value="unknown"/>
    <property name="java.library.path" value="/usr/java/packages/lib/amd64:/usr/lib64:/lib64:/lib:/usr/lib"/>
    <property name="java.vm.info" value="mixed mode"/>
    <property name="java.vendor" value="Temurin"/>
    <property name="java.vm.version" value="25.422-b05"/>
    <property name="java.specification.maintenance.version" value="5"/>
    <property name="java.ext.dirs" value="/home/adamant/.sdkman/candidates/java/8.0.422-tem/jre/lib/ext:/usr/java/packages/lib/ext"/>
    <property name="sun.io.unicode.encoding" value="UnicodeLittle"/>
    <property name="java.class.version" value="52.0"/>
  </properties>
  <testcase name="test001" classname="RegressionTest0" time="0.002"/>
  <testcase name="test002" classname="RegressionTest0" time="0.001"/>
  <testcase name="test003" classname="RegressionTest0" time="0"/>
  <testcase name="test004" classname="RegressionTest0" time="0"/>
  <testcase name="test005" classname="RegressionTest0" time="0"/>
  <testcase name="test006" classname="RegressionTest0" time="0"/>
  <testcase name="test007" classname="RegressionTest0" time="0.001"/>
  <testcase name="test008" classname="RegressionTest0" time="0"/>
  <testcase name="test009" classname="RegressionTest0" time="0"/>
  <testcase name="test010" classname="RegressionTest0" time="0"/>
  <testcase name="test011" classname="RegressionTest0" time="0.001"/>
  <testcase name="test012" classname="RegressionTest0" time="0.003"/>
  <testcase name="test013" classname="RegressionTest0" time="0"/>
  <testcase name="test014" classname="RegressionTest0" time="0.001"/>
  <testcase name="test015" classname="RegressionTest0" time="0.001"/>
  <testcase name="test016" classname="RegressionTest0" time="0.001"/>
  <testcase name="test017" classname="RegressionTest0" time="0"/>
  <testcase name="test018" classname="RegressionTest0" time="0.002"/>
  <testcase name="test019" classname="RegressionTest0" time="0.002"/>
  <testcase name="test020" classname="RegressionTest0" time="0"/>
  <testcase name="test021" classname="RegressionTest0" time="0.01"/>
  <testcase name="test022" classname="RegressionTest0" time="0"/>
  <testcase name="test023" classname="RegressionTest0" time="0"/>
  <testcase name="test024" classname="RegressionTest0" time="0"/>
  <testcase name="test025" classname="RegressionTest0" time="0.001"/>
  <testcase name="test026" classname="RegressionTest0" time="0"/>
  <testcase name="test027" classname="RegressionTest0" time="0"/>
  <testcase name="test028" classname="RegressionTest0" time="0"/>
  <testcase name="test029" classname="RegressionTest0" time="0.001"/>
  <testcase name="test030" classname="RegressionTest0" time="0.001"/>
  <testcase name="test031" classname="RegressionTest0" time="0"/>
  <testcase name="test032" classname="RegressionTest0" time="0.001"/>
  <testcase name="test033" classname="RegressionTest0" time="0"/>
  <testcase name="test034" classname="RegressionTest0" time="0.007"/>
  <testcase name="test035" classname="RegressionTest0" time="0"/>
  <testcase name="test036" classname="RegressionTest0" time="0"/>
  <testcase name="test037" classname="RegressionTest0" time="0.001"/>
  <testcase name="test038" classname="RegressionTest0" time="0"/>
  <testcase name="test039" classname="RegressionTest0" time="0.008"/>
  <testcase name="test040" classname="RegressionTest0" time="0"/>
  <testcase name="test041" classname="RegressionTest0" time="0.001"/>
  <testcase name="test042" classname="RegressionTest0" time="0"/>
  <testcase name="test043" classname="RegressionTest0" time="0"/>
  <testcase name="test044" classname="RegressionTest0" time="0.001"/>
  <testcase name="test045" classname="RegressionTest0" time="0"/>
  <testcase name="test046" classname="RegressionTest0" time="0.002"/>
  <testcase name="test047" classname="RegressionTest0" time="0"/>
  <testcase name="test048" classname="RegressionTest0" time="0"/>
  <testcase name="test049" classname="RegressionTest0" time="0"/>
  <testcase name="test050" classname="RegressionTest0" time="0"/>
  <testcase name="test051" classname="RegressionTest0" time="0"/>
  <testcase name="test052" classname="RegressionTest0" time="0"/>
  <testcase name="test053" classname="RegressionTest0" time="0"/>
  <testcase name="test054" classname="RegressionTest0" time="0.005"/>
  <testcase name="test055" classname="RegressionTest0" time="0"/>
  <testcase name="test056" classname="RegressionTest0" time="0.005"/>
  <testcase name="test057" classname="RegressionTest0" time="0"/>
  <testcase name="test058" classname="RegressionTest0" time="0"/>
  <testcase name="test059" classname="RegressionTest0" time="0.001"/>
  <testcase name="test060" classname="RegressionTest0" time="0"/>
  <testcase name="test061" classname="RegressionTest0" time="0"/>
  <testcase name="test062" classname="RegressionTest0" time="0.003"/>
  <testcase name="test063" classname="RegressionTest0" time="0.003"/>
  <testcase name="test064" classname="RegressionTest0" time="0"/>
  <testcase name="test065" classname="RegressionTest0" time="0.001"/>
  <testcase name="test066" classname="RegressionTest0" time="0"/>
  <testcase name="test067" classname="RegressionTest0" time="0.001"/>
  <testcase name="test068" classname="RegressionTest0" time="0"/>
  <testcase name="test069" classname="RegressionTest0" time="0"/>
  <testcase name="test070" classname="RegressionTest0" time="0"/>
  <testcase name="test071" classname="RegressionTest0" time="0.007"/>
  <testcase name="test072" classname="RegressionTest0" time="0"/>
  <testcase name="test073" classname="RegressionTest0" time="0.001"/>
  <testcase name="test074" classname="RegressionTest0" time="0"/>
  <testcase name="test075" classname="RegressionTest0" time="0"/>
  <testcase name="test076" classname="RegressionTest0" time="0"/>
  <testcase name="test077" classname="RegressionTest0" time="0.004"/>
  <testcase name="test078" classname="RegressionTest0" time="0"/>
  <testcase name="test079" classname="RegressionTest0" time="0.004"/>
  <testcase name="test080" classname="RegressionTest0" time="0"/>
  <testcase name="test081" classname="RegressionTest0" time="0.003"/>
  <testcase name="test082" classname="RegressionTest0" time="0"/>
  <testcase name="test083" classname="RegressionTest0" time="0"/>
  <testcase name="test084" classname="RegressionTest0" time="0.003"/>
  <testcase name="test085" classname="RegressionTest0" time="0"/>
  <testcase name="test086" classname="RegressionTest0" time="0.001"/>
  <testcase name="test087" classname="RegressionTest0" time="0"/>
  <testcase name="test088" classname="RegressionTest0" time="0"/>
  <testcase name="test089" classname="RegressionTest0" time="0"/>
  <testcase name="test090" classname="RegressionTest0" time="0"/>
  <testcase name="test091" classname="RegressionTest0" time="0.007"/>
  <testcase name="test092" classname="RegressionTest0" time="0"/>
  <testcase name="test093" classname="RegressionTest0" time="0.003"/>
  <testcase name="test094" classname="RegressionTest0" time="0"/>
  <testcase name="test095" classname="RegressionTest0" time="0"/>
  <testcase name="test096" classname="RegressionTest0" time="0.001"/>
  <testcase name="test097" classname="RegressionTest0" time="0"/>
  <testcase name="test098" classname="RegressionTest0" time="0"/>
  <testcase name="test099" classname="RegressionTest0" time="0"/>
  <testcase name="test100" classname="RegressionTest0" time="0"/>
  <testcase name="test101" classname="RegressionTest0" time="0"/>
  <testcase name="test102" classname="RegressionTest0" time="0"/>
  <testcase name="test103" classname="RegressionTest0" time="0.003"/>
  <testcase name="test104" classname="RegressionTest0" time="0"/>
  <testcase name="test105" classname="RegressionTest0" time="0.001"/>
  <testcase name="test106" classname="RegressionTest0" time="0.003"/>
  <testcase name="test107" classname="RegressionTest0" time="0"/>
  <testcase name="test108" classname="RegressionTest0" time="0"/>
  <testcase name="test109" classname="RegressionTest0" time="0"/>
  <testcase name="test110" classname="RegressionTest0" time="0.004"/>
  <testcase name="test111" classname="RegressionTest0" time="0"/>
  <testcase name="test112" classname="RegressionTest0" time="0"/>
  <testcase name="test113" classname="RegressionTest0" time="0"/>
  <testcase name="test114" classname="RegressionTest0" time="0"/>
  <testcase name="test115" classname="RegressionTest0" time="0"/>
  <testcase name="test116" classname="RegressionTest0" time="0"/>
  <testcase name="test117" classname="RegressionTest0" time="0"/>
  <testcase name="test118" classname="RegressionTest0" time="0"/>
  <testcase name="test119" classname="RegressionTest0" time="0.003"/>
  <testcase name="test120" classname="RegressionTest0" time="0"/>
  <testcase name="test121" classname="RegressionTest0" time="0"/>
  <testcase name="test122" classname="RegressionTest0" time="0.004"/>
  <testcase name="test123" classname="RegressionTest0" time="0"/>
  <testcase name="test124" classname="RegressionTest0" time="0"/>
  <testcase name="test125" classname="RegressionTest0" time="0"/>
  <testcase name="test126" classname="RegressionTest0" time="0.003"/>
  <testcase name="test127" classname="RegressionTest0" time="0.004"/>
  <testcase name="test128" classname="RegressionTest0" time="0"/>
  <testcase name="test129" classname="RegressionTest0" time="0"/>
  <testcase name="test130" classname="RegressionTest0" time="0"/>
  <testcase name="test131" classname="RegressionTest0" time="0"/>
  <testcase name="test132" classname="RegressionTest0" time="0"/>
  <testcase name="test133" classname="RegressionTest0" time="0.004"/>
  <testcase name="test134" classname="RegressionTest0" time="0.003"/>
  <testcase name="test135" classname="RegressionTest0" time="0"/>
  <testcase name="test136" classname="RegressionTest0" time="0"/>
  <testcase name="test137" classname="RegressionTest0" time="0.003"/>
  <testcase name="test138" classname="RegressionTest0" time="0"/>
  <testcase name="test139" classname="RegressionTest0" time="0.005"/>
  <testcase name="test140" classname="RegressionTest0" time="0"/>
  <testcase name="test141" classname="RegressionTest0" time="0.001"/>
  <testcase name="test142" classname="RegressionTest0" time="0"/>
  <testcase name="test143" classname="RegressionTest0" time="0"/>
  <testcase name="test144" classname="RegressionTest0" time="0"/>
</testsuite>